<?xml version="1.0" encoding="UTF-8"?>
<!-- Generated by org.testng.reporters.JUnitReportReporter -->
<testsuite hostname="DESKTOP-5TQ0DL2" name="generic_Component.BaseClass" tests="2" failures="0" timestamp="15 Feb 2018 09:43:13 GMT" time="26.925" errors="0">
  <testcase name="Start_server" time="12.017" classname="generic_Component.BaseClass"/>
  <testcase name="Init_App" time="14.908" classname="generic_Component.BaseClass"/>
</testsuite> <!-- generic_Component.BaseClass -->
