<?xml version="1.0" encoding="UTF-8"?>
<!-- Generated by org.testng.reporters.JUnitReportReporter -->
<testsuite hostname="DESKTOP-5TQ0DL2" name="scenario_Component.ScenarioSearch" tests="1" failures="0" timestamp="18 Feb 2018 14:56:58 GMT" time="47.677" errors="0">
  <testcase name="testValidSearch" time="47.677" classname="scenario_Component.ScenarioSearch"/>
</testsuite> <!-- scenario_Component.ScenarioSearch -->
