<?xml version="1.0" encoding="UTF-8"?>
<!-- Generated by org.testng.reporters.JUnitReportReporter -->
<testsuite hostname="DESKTOP-5TQ0DL2" name="scenario_Component.ScenarioBuy" tests="1" failures="0" timestamp="16 Feb 2018 16:58:39 GMT" time="56.494" errors="0">
  <testcase name="testBuyNow" time="56.494" classname="scenario_Component.ScenarioBuy"/>
</testsuite> <!-- scenario_Component.ScenarioBuy -->
