<?xml version="1.0" encoding="UTF-8"?>
<!-- Generated by org.testng.reporters.JUnitReportReporter -->
<testsuite hostname="DESKTOP-5TQ0DL2" name="scenario_Component.ScenarioSearch" tests="1" failures="0" timestamp="16 Feb 2018 01:06:06 GMT" time="29.080" errors="0">
  <testcase name="testValidSearch" time="29.080" classname="scenario_Component.ScenarioSearch"/>
</testsuite> <!-- scenario_Component.ScenarioSearch -->
