<?xml version="1.0" encoding="UTF-8"?>
<!-- Generated by org.testng.reporters.JUnitReportReporter -->
<testsuite hostname="DESKTOP-5TQ0DL2" name="scenario_Component.ScenarioBuy" tests="1" failures="0" timestamp="18 Feb 2018 13:17:34 GMT" time="69.335" errors="0">
  <testcase name="testBuyNow" time="69.335" classname="scenario_Component.ScenarioBuy"/>
</testsuite> <!-- scenario_Component.ScenarioBuy -->
